<?xml version="1.0" encoding="UTF-8"?>
<testng-results skipped="0" failed="0" ignored="0" total="1" passed="1">
  <reporter-output>
  </reporter-output>
  <suite name="hle.paka.SeleniumTest" duration-ms="12313" started-at="2020-02-03T12:35:20 CET" finished-at="2020-02-03T12:35:32 CET">
    <groups>
    </groups>
    <test name="Command line test" duration-ms="12313" started-at="2020-02-03T12:35:20 CET" finished-at="2020-02-03T12:35:32 CET">
      <class name="hle.paka.SeleniumTest">
        <test-method status="PASS" signature="beforeTest()[pri:0, instance:hle.paka.SeleniumTest@271053e1]" name="beforeTest" is-config="true" duration-ms="6554" started-at="2020-02-03T12:35:20 CET" finished-at="2020-02-03T12:35:27 CET">
          <reporter-output>
          </reporter-output>
        </test-method> <!-- beforeTest -->
        <test-method status="PASS" signature="typingIntoWebElementTest()[pri:0, instance:hle.paka.SeleniumTest@271053e1]" name="typingIntoWebElementTest" duration-ms="4764" started-at="2020-02-03T12:35:27 CET" finished-at="2020-02-03T12:35:31 CET">
          <reporter-output>
          </reporter-output>
        </test-method> <!-- typingIntoWebElementTest -->
        <test-method status="PASS" signature="afterTest()[pri:0, instance:hle.paka.SeleniumTest@271053e1]" name="afterTest" is-config="true" duration-ms="954" started-at="2020-02-03T12:35:31 CET" finished-at="2020-02-03T12:35:32 CET">
          <reporter-output>
          </reporter-output>
        </test-method> <!-- afterTest -->
      </class> <!-- hle.paka.SeleniumTest -->
    </test> <!-- Command line test -->
  </suite> <!-- hle.paka.SeleniumTest -->
</testng-results>
